Build started 07.06.2015 20:28:32.
     1>Project "D:\MashaWork\cpp_projects\ConvertToCgns\ConvertToCgns\ConvertToCgns.vcxproj" on node 2 (build target(s)).
     1>InitializeBuildStatus:
         Creating "Debug\ConvertToCgns.unsuccessfulbuild" because "AlwaysCreate" was specified.
       ClCompile:
         All outputs are up-to-date.
         C:\Program Files\Microsoft Visual Studio 10.0\VC\bin\CL.exe /c /ZI /nologo /W3 /WX- /Od /Oy- /D WIN32 /D _DEBUG /D _CONSOLE /D _UNICODE /D UNICODE /Gm /EHsc /RTC1 /MDd /GS /fp:precise /Zc:wchar_t /Zc:forScope /Yu"StdAfx.h" /Fp"Debug\ConvertToCgns.pch" /Fo"Debug\\" /Fd"Debug\vc100.pdb" /Gd /TP /analyze- /errorReport:prompt ConvertToCgns.cpp FileNamesAndParams.cpp
         FileNamesAndParams.cpp
     1>d:\mashawork\cpp_projects\converttocgns\converttocgns\filenamesandparams.cpp(111): warning C4244: '=' : conversion from 'double' to 'int', possible loss of data
     1>d:\mashawork\cpp_projects\converttocgns\converttocgns\filenamesandparams.cpp(112): warning C4244: '=' : conversion from 'double' to 'int', possible loss of data
     1>d:\mashawork\cpp_projects\converttocgns\converttocgns\filenamesandparams.cpp(113): warning C4244: '=' : conversion from 'double' to 'int', possible loss of data
         ConvertToCgns.cpp
     1>d:\mashawork\cpp_projects\converttocgns\converttocgns\converttocgns.cpp(25): warning C4244: 'initializing' : conversion from 'double' to 'int', possible loss of data
     1>d:\mashawork\cpp_projects\converttocgns\converttocgns\converttocgns.cpp(158): warning C4244: '=' : conversion from 'double' to 'float', possible loss of data
     1>d:\mashawork\cpp_projects\converttocgns\converttocgns\converttocgns.cpp(161): warning C4244: '=' : conversion from 'double' to 'float', possible loss of data
     1>d:\mashawork\cpp_projects\converttocgns\converttocgns\converttocgns.cpp(168): warning C4244: '=' : conversion from 'double' to 'float', possible loss of data
     1>d:\mashawork\cpp_projects\converttocgns\converttocgns\converttocgns.cpp(172): warning C4244: '=' : conversion from 'double' to 'float', possible loss of data
     1>d:\mashawork\cpp_projects\converttocgns\converttocgns\converttocgns.cpp(175): warning C4244: '=' : conversion from 'double' to 'float', possible loss of data
         Generating Code...
       ManifestResourceCompile:
         All outputs are up-to-date.
       Link:
         C:\Program Files\Microsoft Visual Studio 10.0\VC\bin\link.exe /ERRORREPORT:PROMPT /OUT:"D:\MashaWork\cpp_projects\ConvertToCgns\Debug\ConvertToCgns.exe" /INCREMENTAL /NOLOGO cgns.lib kernel32.lib user32.lib gdi32.lib winspool.lib comdlg32.lib advapi32.lib shell32.lib ole32.lib oleaut32.lib uuid.lib odbc32.lib odbccp32.lib /MANIFEST /ManifestFile:"Debug\ConvertToCgns.exe.intermediate.manifest" /MANIFESTUAC:"level='asInvoker' uiAccess='false'" /DEBUG /PDB:"D:\MashaWork\cpp_projects\ConvertToCgns\Debug\ConvertToCgns.pdb" /SUBSYSTEM:CONSOLE /TLBID:1 /DYNAMICBASE /NXCOMPAT /IMPLIB:"D:\MashaWork\cpp_projects\ConvertToCgns\Debug\ConvertToCgns.lib" /MACHINE:X86 Debug\ConvertToCgns.exe.embed.manifest.res
         Debug\ConvertToCgns.obj
         Debug\FileNamesAndParams.obj
         Debug\Main.obj
         Debug\stdafx.obj
       Manifest:
         C:\Program Files\Microsoft SDKs\Windows\v7.0A\bin\mt.exe /nologo /verbose /out:"Debug\ConvertToCgns.exe.embed.manifest" /manifest Debug\ConvertToCgns.exe.intermediate.manifest
         All outputs are up-to-date.
       LinkEmbedManifest:
         All outputs are up-to-date.
         ConvertToCgns.vcxproj -> D:\MashaWork\cpp_projects\ConvertToCgns\Debug\ConvertToCgns.exe
       FinalizeBuildStatus:
         Deleting file "Debug\ConvertToCgns.unsuccessfulbuild".
         Touching "Debug\ConvertToCgns.lastbuildstate".
     1>Done Building Project "D:\MashaWork\cpp_projects\ConvertToCgns\ConvertToCgns\ConvertToCgns.vcxproj" (build target(s)).

Build succeeded.

Time Elapsed 00:00:02.32
